<?xml version="1.0" encoding="UTF-8"?>
<testsuite name="com.example.appointmentBookingJava9.AppointmentBookingJava9ApplicationTests" time="0.012" tests="1" errors="1" skipped="0" failures="0">
  <properties>
[...]
</properties>
  <testcase name="initializationError" classname="com.example.appointmentBookingJava9.AppointmentBookingJava9ApplicationTests" time="0.012">
    <error message="Unable to find a @SpringBootConfiguration, you need to use @ContextConfiguration or @SpringBootTest(classes=...) with your test" type="java.lang.IllegalStateException"><![CDATA[java.lang.IllegalStateException: Unable to find a @SpringBootConfiguration, you need to use @ContextConfiguration or @SpringBootTest(classes=...) with your test
	at org.springframework.util.Assert.state(Assert.java:70)
	at org.springframework.boot.test.context.SpringBootTestContextBootstrapper.getOrFindConfigurationClasses(SpringBootTestContextBootstrapper.java:202)
	at org.springframework.boot.test.context.SpringBootTestContextBootstrapper.processMergedContextConfiguration(SpringBootTestContextBootstrapper.java:137)
	at org.springframework.test.context.support.AbstractTestContextBootstrapper.buildMergedContextConfiguration(AbstractTestContextBootstrapper.java:397)
	at org.springframework.test.context.support.AbstractTestContextBootstrapper.buildDefaultMergedContextConfiguration(AbstractTestContextBootstrapper.java:311)
	at org.springframework.test.context.support.AbstractTestContextBootstrapper.buildMergedContextConfiguration(AbstractTestContextBootstrapper.java:265)
	at org.springframework.test.context.support.AbstractTestContextBootstrapper.buildTestContext(AbstractTestContextBootstrapper.java:105)
	at org.springframework.boot.test.context.SpringBootTestContextBootstrapper.buildTestContext(SpringBootTestContextBootstrapper.java:82)
	at org.springframework.test.context.TestContextManager.<init>(TestContextManager.java:120)
	at org.springframework.test.context.TestContextManager.<init>(TestContextManager.java:105)
	at org.springframework.test.context.junit4.SpringJUnit4ClassRunner.createTestContextManager(SpringJUnit4ClassRunner.java:152)
	at org.springframework.test.context.junit4.SpringJUnit4ClassRunner.<init>(SpringJUnit4ClassRunner.java:143)
	at org.springframework.test.context.junit4.SpringRunner.<init>(SpringRunner.java:49)
	at sun.reflect.NativeConstructorAccessorImpl.newInstance0(Native Method)
	at sun.reflect.NativeConstructorAccessorImpl.newInstance(NativeConstructorAccessorImpl.java:62)
	at sun.reflect.DelegatingConstructorAccessorImpl.newInstance(DelegatingConstructorAccessorImpl.java:45)
	at java.lang.reflect.Constructor.newInstance(Constructor.java:423)
	at org.junit.internal.builders.AnnotatedBuilder.buildRunner(AnnotatedBuilder.java:104)
	at org.junit.internal.builders.AnnotatedBuilder.runnerForClass(AnnotatedBuilder.java:86)
	at org.junit.runners.model.RunnerBuilder.safeRunnerForClass(RunnerBuilder.java:59)
	at org.junit.internal.builders.AllDefaultPossibilitiesBuilder.runnerForClass(AllDefaultPossibilitiesBuilder.java:26)
	at org.junit.runners.model.RunnerBuilder.safeRunnerForClass(RunnerBuilder.java:59)
	at org.junit.internal.requests.ClassRequest.getRunner(ClassRequest.java:33)
	at org.apache.maven.surefire.junit4.JUnit4Provider.execute(JUnit4Provider.java:283)
	at org.apache.maven.surefire.junit4.JUnit4Provider.executeWithRerun(JUnit4Provider.java:173)
	at org.apache.maven.surefire.junit4.JUnit4Provider.executeTestSet(JUnit4Provider.java:153)
	at org.apache.maven.surefire.junit4.JUnit4Provider.invoke(JUnit4Provider.java:128)
	at org.apache.maven.surefire.booter.ForkedBooter.invokeProviderInSameClassLoader(ForkedBooter.java:203)
	at org.apache.maven.surefire.booter.ForkedBooter.runSuitesInProcess(ForkedBooter.java:155)
	at org.apache.maven.surefire.booter.ForkedBooter.main(ForkedBooter.java:103)
]]></error>
    <system-out><![CDATA[20:18:18.876 [main] DEBUG org.springframework.test.context.junit4.SpringJUnit4ClassRunner - SpringJUnit4ClassRunner constructor called with [class com.example.appointmentBookingJava9.AppointmentBookingJava9ApplicationTests]
20:18:18.887 [main] DEBUG org.springframework.test.context.BootstrapUtils - Instantiating CacheAwareContextLoaderDelegate from class [org.springframework.test.context.cache.DefaultCacheAwareContextLoaderDelegate]
20:18:18.911 [main] DEBUG org.springframework.test.context.BootstrapUtils - Instantiating BootstrapContext using constructor [public org.springframework.test.context.support.DefaultBootstrapContext(java.lang.Class,org.springframework.test.context.CacheAwareContextLoaderDelegate)]
20:18:18.951 [main] DEBUG org.springframework.test.context.BootstrapUtils - Instantiating TestContextBootstrapper for test class [com.example.appointmentBookingJava9.AppointmentBookingJava9ApplicationTests] from class [org.springframework.boot.test.context.SpringBootTestContextBootstrapper]
20:18:18.982 [main] INFO org.springframework.boot.test.context.SpringBootTestContextBootstrapper - Neither @ContextConfiguration nor @ContextHierarchy found for test class [com.example.appointmentBookingJava9.AppointmentBookingJava9ApplicationTests], using SpringBootContextLoader
20:18:18.987 [main] DEBUG org.springframework.test.context.support.AbstractContextLoader - Did not detect default resource location for test class [com.example.appointmentBookingJava9.AppointmentBookingJava9ApplicationTests]: class path resource [com/example/appointmentBookingJava9/AppointmentBookingJava9ApplicationTests-context.xml] does not exist
20:18:18.988 [main] DEBUG org.springframework.test.context.support.AbstractContextLoader - Did not detect default resource location for test class [com.example.appointmentBookingJava9.AppointmentBookingJava9ApplicationTests]: class path resource [com/example/appointmentBookingJava9/AppointmentBookingJava9ApplicationTestsContext.groovy] does not exist
20:18:18.988 [main] INFO org.springframework.test.context.support.AbstractContextLoader - Could not detect default resource locations for test class [com.example.appointmentBookingJava9.AppointmentBookingJava9ApplicationTests]: no resource found for suffixes {-context.xml, Context.groovy}.
20:18:18.989 [main] INFO org.springframework.test.context.support.AnnotationConfigContextLoaderUtils - Could not detect default configuration classes for test class [com.example.appointmentBookingJava9.AppointmentBookingJava9ApplicationTests]: AppointmentBookingJava9ApplicationTests does not declare any static, non-private, non-final, nested classes annotated with @Configuration.
20:18:19.082 [main] DEBUG org.springframework.test.context.support.ActiveProfilesUtils - Could not find an 'annotation declaring class' for annotation type [org.springframework.test.context.ActiveProfiles] and class [com.example.appointmentBookingJava9.AppointmentBookingJava9ApplicationTests]
20:18:19.102 [main] DEBUG org.springframework.core.env.StandardEnvironment - Adding PropertySource 'systemProperties' with lowest search precedence
20:18:19.103 [main] DEBUG org.springframework.core.env.StandardEnvironment - Adding PropertySource 'systemEnvironment' with lowest search precedence
20:18:19.104 [main] DEBUG org.springframework.core.env.StandardEnvironment - Initialized StandardEnvironment with PropertySources [MapPropertySource@1399499405 {name='systemProperties', properties={java.runtime.name=Java(TM) SE Runtime Environment, sun.boot.library.path=/Library/Java/JavaVirtualMachines/jdk1.8.0_121.jdk/Contents/Home/jre/lib, java.vm.version=25.121-b13, gopherProxySet=false, java.vm.vendor=Oracle Corporation, java.vendor.url=http://java.oracle.com/, path.separator=:, java.vm.name=Java HotSpot(TM) 64-Bit Server VM, file.encoding.pkg=sun.io, user.country=DE, sun.java.launcher=SUN_STANDARD, sun.os.patch.level=unknown, java.vm.specification.name=Java Virtual Machine Specification, user.dir=/Users/biraj/Downloads/appointmentBookingJava9, java.runtime.version=1.8.0_121-b13, basedir=/Users/biraj/Downloads/appointmentBookingJava9, java.awt.graphicsenv=sun.awt.CGraphicsEnvironment, java.endorsed.dirs=/Library/Java/JavaVirtualMachines/jdk1.8.0_121.jdk/Contents/Home/jre/lib/endorsed, os.arch=x86_64, surefire.real.class.path=/Users/biraj/Downloads/appointmentBookingJava9/target/surefire/surefirebooter5080435721898058541.jar, java.io.tmpdir=/var/folders/cm/jgjglxc502ngzlxczj6mzgpw0000gn/T/, line.separator=
, java.vm.specification.vendor=Oracle Corporation, os.name=Mac OS X, sun.jnu.encoding=UTF-8, java.library.path=/Users/biraj/Library/Java/Extensions:/Library/Java/Extensions:/Network/Library/Java/Extensions:/System/Library/Java/Extensions:/usr/lib/java:., surefire.test.class.path=/Users/biraj/Downloads/appointmentBookingJava9/target/test-classes:/Users/biraj/Downloads/appointmentBookingJava9/target/classes:/Users/biraj/.m2/repository/org/springframework/boot/spring-boot-starter-data-jpa/1.5.12.RELEASE/spring-boot-starter-data-jpa-1.5.12.RELEASE.jar:/Users/biraj/.m2/repository/org/springframework/boot/spring-boot-starter/1.5.12.RELEASE/spring-boot-starter-1.5.12.RELEASE.jar:/Users/biraj/.m2/repository/org/springframework/boot/spring-boot/1.5.12.RELEASE/spring-boot-1.5.12.RELEASE.jar:/Users/biraj/.m2/repository/org/springframework/boot/spring-boot-autoconfigure/1.5.12.RELEASE/spring-boot-autoconfigure-1.5.12.RELEASE.jar:/Users/biraj/.m2/repository/org/springframework/boot/spring-boot-starter-logging/1.5.12.RELEASE/spring-boot-starter-logging-1.5.12.RELEASE.jar:/Users/biraj/.m2/repository/ch/qos/logback/logback-classic/1.1.11/logback-classic-1.1.11.jar:/Users/biraj/.m2/repository/ch/qos/logback/logback-core/1.1.11/logback-core-1.1.11.jar:/Users/biraj/.m2/repository/org/slf4j/jul-to-slf4j/1.7.25/jul-to-slf4j-1.7.25.jar:/Users/biraj/.m2/repository/org/slf4j/log4j-over-slf4j/1.7.25/log4j-over-slf4j-1.7.25.jar:/Users/biraj/.m2/repository/org/yaml/snakeyaml/1.17/snakeyaml-1.17.jar:/Users/biraj/.m2/repository/org/springframework/boot/spring-boot-starter-aop/1.5.12.RELEASE/spring-boot-starter-aop-1.5.12.RELEASE.jar:/Users/biraj/.m2/repository/org/springframework/spring-aop/4.3.16.RELEASE/spring-aop-4.3.16.RELEASE.jar:/Users/biraj/.m2/repository/org/aspectj/aspectjweaver/1.8.13/aspectjweaver-1.8.13.jar:/Users/biraj/.m2/repository/org/springframework/boot/spring-boot-starter-jdbc/1.5.12.RELEASE/spring-boot-starter-jdbc-1.5.12.RELEASE.jar:/Users/biraj/.m2/repository/org/apache/tomcat/tomcat-jdbc/8.5.29/tomcat-jdbc-8.5.29.jar:/Users/biraj/.m2/repository/org/apache/tomcat/tomcat-juli/8.5.29/tomcat-juli-8.5.29.jar:/Users/biraj/.m2/repository/org/springframework/spring-jdbc/4.3.16.RELEASE/spring-jdbc-4.3.16.RELEASE.jar:/Users/biraj/.m2/repository/org/hibernate/hibernate-core/5.0.12.Final/hibernate-core-5.0.12.Final.jar:/Users/biraj/.m2/repository/org/jboss/logging/jboss-logging/3.3.2.Final/jboss-logging-3.3.2.Final.jar:/Users/biraj/.m2/repository/org/hibernate/javax/persistence/hibernate-jpa-2.1-api/1.0.0.Final/hibernate-jpa-2.1-api-1.0.0.Final.jar:/Users/biraj/.m2/repository/org/javassist/javassist/3.21.0-GA/javassist-3.21.0-GA.jar:/Users/biraj/.m2/repository/antlr/antlr/2.7.7/antlr-2.7.7.jar:/Users/biraj/.m2/repository/org/jboss/jandex/2.0.0.Final/jandex-2.0.0.Final.jar:/Users/biraj/.m2/repository/dom4j/dom4j/1.6.1/dom4j-1.6.1.jar:/Users/biraj/.m2/repository/org/hibernate/common/hibernate-commons-annotations/5.0.1.Final/hibernate-commons-annotations-5.0.1.Final.jar:/Users/biraj/.m2/repository/org/hibernate/hibernate-entitymanager/5.0.12.Final/hibernate-entitymanager-5.0.12.Final.jar:/Users/biraj/.m2/repository/javax/transaction/javax.transaction-api/1.2/javax.transaction-api-1.2.jar:/Users/biraj/.m2/repository/org/springframework/data/spring-data-jpa/1.11.11.RELEASE/spring-data-jpa-1.11.11.RELEASE.jar:/Users/biraj/.m2/repository/org/springframework/data/spring-data-commons/1.13.11.RELEASE/spring-data-commons-1.13.11.RELEASE.jar:/Users/biraj/.m2/repository/org/springframework/spring-orm/4.3.16.RELEASE/spring-orm-4.3.16.RELEASE.jar:/Users/biraj/.m2/repository/org/springframework/spring-context/4.3.16.RELEASE/spring-context-4.3.16.RELEASE.jar:/Users/biraj/.m2/repository/org/springframework/spring-tx/4.3.16.RELEASE/spring-tx-4.3.16.RELEASE.jar:/Users/biraj/.m2/repository/org/springframework/spring-beans/4.3.16.RELEASE/spring-beans-4.3.16.RELEASE.jar:/Users/biraj/.m2/repository/org/slf4j/slf4j-api/1.7.25/slf4j-api-1.7.25.jar:/Users/biraj/.m2/repository/org/slf4j/jcl-over-slf4j/1.7.25/jcl-over-slf4j-1.7.25.jar:/Users/biraj/.m2/repository/org/springframework/spring-aspects/4.3.16.RELEASE/spring-aspects-4.3.16.RELEASE.jar:/Users/biraj/.m2/repository/org/springframework/boot/spring-boot-starter-web/1.5.12.RELEASE/spring-boot-starter-web-1.5.12.RELEASE.jar:/Users/biraj/.m2/repository/org/springframework/boot/spring-boot-starter-tomcat/1.5.12.RELEASE/spring-boot-starter-tomcat-1.5.12.RELEASE.jar:/Users/biraj/.m2/repository/org/apache/tomcat/embed/tomcat-embed-core/8.5.29/tomcat-embed-core-8.5.29.jar:/Users/biraj/.m2/repository/org/apache/tomcat/tomcat-annotations-api/8.5.29/tomcat-annotations-api-8.5.29.jar:/Users/biraj/.m2/repository/org/apache/tomcat/embed/tomcat-embed-el/8.5.29/tomcat-embed-el-8.5.29.jar:/Users/biraj/.m2/repository/org/apache/tomcat/embed/tomcat-embed-websocket/8.5.29/tomcat-embed-websocket-8.5.29.jar:/Users/biraj/.m2/repository/org/hibernate/hibernate-validator/5.3.6.Final/hibernate-validator-5.3.6.Final.jar:/Users/biraj/.m2/repository/javax/validation/validation-api/1.1.0.Final/validation-api-1.1.0.Final.jar:/Users/biraj/.m2/repository/com/fasterxml/classmate/1.3.4/classmate-1.3.4.jar:/Users/biraj/.m2/repository/com/fasterxml/jackson/core/jackson-databind/2.8.11.1/jackson-databind-2.8.11.1.jar:/Users/biraj/.m2/repository/com/fasterxml/jackson/core/jackson-annotations/2.8.0/jackson-annotations-2.8.0.jar:/Users/biraj/.m2/repository/com/fasterxml/jackson/core/jackson-core/2.8.11/jackson-core-2.8.11.jar:/Users/biraj/.m2/repository/org/springframework/spring-web/4.3.16.RELEASE/spring-web-4.3.16.RELEASE.jar:/Users/biraj/.m2/repository/org/springframework/spring-webmvc/4.3.16.RELEASE/spring-webmvc-4.3.16.RELEASE.jar:/Users/biraj/.m2/repository/org/springframework/spring-expression/4.3.16.RELEASE/spring-expression-4.3.16.RELEASE.jar:/Users/biraj/.m2/repository/com/h2database/h2/1.4.197/h2-1.4.197.jar:/Users/biraj/.m2/repository/org/springframework/boot/spring-boot-starter-test/1.5.12.RELEASE/spring-boot-starter-test-1.5.12.RELEASE.jar:/Users/biraj/.m2/repository/org/springframework/boot/spring-boot-test/1.5.12.RELEASE/spring-boot-test-1.5.12.RELEASE.jar:/Users/biraj/.m2/repository/org/springframework/boot/spring-boot-test-autoconfigure/1.5.12.RELEASE/spring-boot-test-autoconfigure-1.5.12.RELEASE.jar:/Users/biraj/.m2/repository/com/jayway/jsonpath/json-path/2.2.0/json-path-2.2.0.jar:/Users/biraj/.m2/repository/net/minidev/json-smart/2.2.1/json-smart-2.2.1.jar:/Users/biraj/.m2/repository/net/minidev/accessors-smart/1.1/accessors-smart-1.1.jar:/Users/biraj/.m2/repository/org/ow2/asm/asm/5.0.3/asm-5.0.3.jar:/Users/biraj/.m2/repository/junit/junit/4.12/junit-4.12.jar:/Users/biraj/.m2/repository/org/assertj/assertj-core/2.6.0/assertj-core-2.6.0.jar:/Users/biraj/.m2/repository/org/mockito/mockito-core/1.10.19/mockito-core-1.10.19.jar:/Users/biraj/.m2/repository/org/objenesis/objenesis/2.1/objenesis-2.1.jar:/Users/biraj/.m2/repository/org/hamcrest/hamcrest-core/1.3/hamcrest-core-1.3.jar:/Users/biraj/.m2/repository/org/hamcrest/hamcrest-library/1.3/hamcrest-library-1.3.jar:/Users/biraj/.m2/repository/org/skyscreamer/jsonassert/1.4.0/jsonassert-1.4.0.jar:/Users/biraj/.m2/repository/com/vaadin/external/google/android-json/0.0.20131108.vaadin1/android-json-0.0.20131108.vaadin1.jar:/Users/biraj/.m2/repository/org/springframework/spring-core/4.3.16.RELEASE/spring-core-4.3.16.RELEASE.jar:/Users/biraj/.m2/repository/org/springframework/spring-test/4.3.16.RELEASE/spring-test-4.3.16.RELEASE.jar:, java.specification.name=Java Platform API Specification, java.class.version=52.0, sun.management.compiler=HotSpot 64-Bit Tiered Compilers, os.version=10.12.6, user.home=/Users/biraj, user.timezone=Europe/Berlin, java.awt.printerjob=sun.lwawt.macosx.CPrinterJob, file.encoding=UTF-8, java.specification.version=1.8, java.class.path=/Users/biraj/Downloads/appointmentBookingJava9/target/test-classes:/Users/biraj/Downloads/appointmentBookingJava9/target/classes:/Users/biraj/.m2/repository/org/springframework/boot/spring-boot-starter-data-jpa/1.5.12.RELEASE/spring-boot-starter-data-jpa-1.5.12.RELEASE.jar:/Users/biraj/.m2/repository/org/springframework/boot/spring-boot-starter/1.5.12.RELEASE/spring-boot-starter-1.5.12.RELEASE.jar:/Users/biraj/.m2/repository/org/springframework/boot/spring-boot/1.5.12.RELEASE/spring-boot-1.5.12.RELEASE.jar:/Users/biraj/.m2/repository/org/springframework/boot/spring-boot-autoconfigure/1.5.12.RELEASE/spring-boot-autoconfigure-1.5.12.RELEASE.jar:/Users/biraj/.m2/repository/org/springframework/boot/spring-boot-starter-logging/1.5.12.RELEASE/spring-boot-starter-logging-1.5.12.RELEASE.jar:/Users/biraj/.m2/repository/ch/qos/logback/logback-classic/1.1.11/logback-classic-1.1.11.jar:/Users/biraj/.m2/repository/ch/qos/logback/logback-core/1.1.11/logback-core-1.1.11.jar:/Users/biraj/.m2/repository/org/slf4j/jul-to-slf4j/1.7.25/jul-to-slf4j-1.7.25.jar:/Users/biraj/.m2/repository/org/slf4j/log4j-over-slf4j/1.7.25/log4j-over-slf4j-1.7.25.jar:/Users/biraj/.m2/repository/org/yaml/snakeyaml/1.17/snakeyaml-1.17.jar:/Users/biraj/.m2/repository/org/springframework/boot/spring-boot-starter-aop/1.5.12.RELEASE/spring-boot-starter-aop-1.5.12.RELEASE.jar:/Users/biraj/.m2/repository/org/springframework/spring-aop/4.3.16.RELEASE/spring-aop-4.3.16.RELEASE.jar:/Users/biraj/.m2/repository/org/aspectj/aspectjweaver/1.8.13/aspectjweaver-1.8.13.jar:/Users/biraj/.m2/repository/org/springframework/boot/spring-boot-starter-jdbc/1.5.12.RELEASE/spring-boot-starter-jdbc-1.5.12.RELEASE.jar:/Users/biraj/.m2/repository/org/apache/tomcat/tomcat-jdbc/8.5.29/tomcat-jdbc-8.5.29.jar:/Users/biraj/.m2/repository/org/apache/tomcat/tomcat-juli/8.5.29/tomcat-juli-8.5.29.jar:/Users/biraj/.m2/repository/org/springframework/spring-jdbc/4.3.16.RELEASE/spring-jdbc-4.3.16.RELEASE.jar:/Users/biraj/.m2/repository/org/hibernate/hibernate-core/5.0.12.Final/hibernate-core-5.0.12.Final.jar:/Users/biraj/.m2/repository/org/jboss/logging/jboss-logging/3.3.2.Final/jboss-logging-3.3.2.Final.jar:/Users/biraj/.m2/repository/org/hibernate/javax/persistence/hibernate-jpa-2.1-api/1.0.0.Final/hibernate-jpa-2.1-api-1.0.0.Final.jar:/Users/biraj/.m2/repository/org/javassist/javassist/3.21.0-GA/javassist-3.21.0-GA.jar:/Users/biraj/.m2/repository/antlr/antlr/2.7.7/antlr-2.7.7.jar:/Users/biraj/.m2/repository/org/jboss/jandex/2.0.0.Final/jandex-2.0.0.Final.jar:/Users/biraj/.m2/repository/dom4j/dom4j/1.6.1/dom4j-1.6.1.jar:/Users/biraj/.m2/repository/org/hibernate/common/hibernate-commons-annotations/5.0.1.Final/hibernate-commons-annotations-5.0.1.Final.jar:/Users/biraj/.m2/repository/org/hibernate/hibernate-entitymanager/5.0.12.Final/hibernate-entitymanager-5.0.12.Final.jar:/Users/biraj/.m2/repository/javax/transaction/javax.transaction-api/1.2/javax.transaction-api-1.2.jar:/Users/biraj/.m2/repository/org/springframework/data/spring-data-jpa/1.11.11.RELEASE/spring-data-jpa-1.11.11.RELEASE.jar:/Users/biraj/.m2/repository/org/springframework/data/spring-data-commons/1.13.11.RELEASE/spring-data-commons-1.13.11.RELEASE.jar:/Users/biraj/.m2/repository/org/springframework/spring-orm/4.3.16.RELEASE/spring-orm-4.3.16.RELEASE.jar:/Users/biraj/.m2/repository/org/springframework/spring-context/4.3.16.RELEASE/spring-context-4.3.16.RELEASE.jar:/Users/biraj/.m2/repository/org/springframework/spring-tx/4.3.16.RELEASE/spring-tx-4.3.16.RELEASE.jar:/Users/biraj/.m2/repository/org/springframework/spring-beans/4.3.16.RELEASE/spring-beans-4.3.16.RELEASE.jar:/Users/biraj/.m2/repository/org/slf4j/slf4j-api/1.7.25/slf4j-api-1.7.25.jar:/Users/biraj/.m2/repository/org/slf4j/jcl-over-slf4j/1.7.25/jcl-over-slf4j-1.7.25.jar:/Users/biraj/.m2/repository/org/springframework/spring-aspects/4.3.16.RELEASE/spring-aspects-4.3.16.RELEASE.jar:/Users/biraj/.m2/repository/org/springframework/boot/spring-boot-starter-web/1.5.12.RELEASE/spring-boot-starter-web-1.5.12.RELEASE.jar:/Users/biraj/.m2/repository/org/springframework/boot/spring-boot-starter-tomcat/1.5.12.RELEASE/spring-boot-starter-tomcat-1.5.12.RELEASE.jar:/Users/biraj/.m2/repository/org/apache/tomcat/embed/tomcat-embed-core/8.5.29/tomcat-embed-core-8.5.29.jar:/Users/biraj/.m2/repository/org/apache/tomcat/tomcat-annotations-api/8.5.29/tomcat-annotations-api-8.5.29.jar:/Users/biraj/.m2/repository/org/apache/tomcat/embed/tomcat-embed-el/8.5.29/tomcat-embed-el-8.5.29.jar:/Users/biraj/.m2/repository/org/apache/tomcat/embed/tomcat-embed-websocket/8.5.29/tomcat-embed-websocket-8.5.29.jar:/Users/biraj/.m2/repository/org/hibernate/hibernate-validator/5.3.6.Final/hibernate-validator-5.3.6.Final.jar:/Users/biraj/.m2/repository/javax/validation/validation-api/1.1.0.Final/validation-api-1.1.0.Final.jar:/Users/biraj/.m2/repository/com/fasterxml/classmate/1.3.4/classmate-1.3.4.jar:/Users/biraj/.m2/repository/com/fasterxml/jackson/core/jackson-databind/2.8.11.1/jackson-databind-2.8.11.1.jar:/Users/biraj/.m2/repository/com/fasterxml/jackson/core/jackson-annotations/2.8.0/jackson-annotations-2.8.0.jar:/Users/biraj/.m2/repository/com/fasterxml/jackson/core/jackson-core/2.8.11/jackson-core-2.8.11.jar:/Users/biraj/.m2/repository/org/springframework/spring-web/4.3.16.RELEASE/spring-web-4.3.16.RELEASE.jar:/Users/biraj/.m2/repository/org/springframework/spring-webmvc/4.3.16.RELEASE/spring-webmvc-4.3.16.RELEASE.jar:/Users/biraj/.m2/repository/org/springframework/spring-expression/4.3.16.RELEASE/spring-expression-4.3.16.RELEASE.jar:/Users/biraj/.m2/repository/com/h2database/h2/1.4.197/h2-1.4.197.jar:/Users/biraj/.m2/repository/org/springframework/boot/spring-boot-starter-test/1.5.12.RELEASE/spring-boot-starter-test-1.5.12.RELEASE.jar:/Users/biraj/.m2/repository/org/springframework/boot/spring-boot-test/1.5.12.RELEASE/spring-boot-test-1.5.12.RELEASE.jar:/Users/biraj/.m2/repository/org/springframework/boot/spring-boot-test-autoconfigure/1.5.12.RELEASE/spring-boot-test-autoconfigure-1.5.12.RELEASE.jar:/Users/biraj/.m2/repository/com/jayway/jsonpath/json-path/2.2.0/json-path-2.2.0.jar:/Users/biraj/.m2/repository/net/minidev/json-smart/2.2.1/json-smart-2.2.1.jar:/Users/biraj/.m2/repository/net/minidev/accessors-smart/1.1/accessors-smart-1.1.jar:/Users/biraj/.m2/repository/org/ow2/asm/asm/5.0.3/asm-5.0.3.jar:/Users/biraj/.m2/repository/junit/junit/4.12/junit-4.12.jar:/Users/biraj/.m2/repository/org/assertj/assertj-core/2.6.0/assertj-core-2.6.0.jar:/Users/biraj/.m2/repository/org/mockito/mockito-core/1.10.19/mockito-core-1.10.19.jar:/Users/biraj/.m2/repository/org/objenesis/objenesis/2.1/objenesis-2.1.jar:/Users/biraj/.m2/repository/org/hamcrest/hamcrest-core/1.3/hamcrest-core-1.3.jar:/Users/biraj/.m2/repository/org/hamcrest/hamcrest-library/1.3/hamcrest-library-1.3.jar:/Users/biraj/.m2/repository/org/skyscreamer/jsonassert/1.4.0/jsonassert-1.4.0.jar:/Users/biraj/.m2/repository/com/vaadin/external/google/android-json/0.0.20131108.vaadin1/android-json-0.0.20131108.vaadin1.jar:/Users/biraj/.m2/repository/org/springframework/spring-core/4.3.16.RELEASE/spring-core-4.3.16.RELEASE.jar:/Users/biraj/.m2/repository/org/springframework/spring-test/4.3.16.RELEASE/spring-test-4.3.16.RELEASE.jar:, user.name=biraj, java.vm.specification.version=1.8, sun.java.command=/Users/biraj/Downloads/appointmentBookingJava9/target/surefire/surefirebooter5080435721898058541.jar /Users/biraj/Downloads/appointmentBookingJava9/target/surefire/surefire4731509092128511968tmp /Users/biraj/Downloads/appointmentBookingJava9/target/surefire/surefire_08655366724052587148tmp, java.home=/Library/Java/JavaVirtualMachines/jdk1.8.0_121.jdk/Contents/Home/jre, sun.arch.data.model=64, user.language=de, java.specification.vendor=Oracle Corporation, awt.toolkit=sun.lwawt.macosx.LWCToolkit, java.vm.info=mixed mode, java.version=1.8.0_121, java.ext.dirs=/Users/biraj/Library/Java/Extensions:/Library/Java/JavaVirtualMachines/jdk1.8.0_121.jdk/Contents/Home/jre/lib/ext:/Library/Java/Extensions:/Network/Library/Java/Extensions:/System/Library/Java/Extensions:/usr/lib/java, sun.boot.class.path=/Library/Java/JavaVirtualMachines/jdk1.8.0_121.jdk/Contents/Home/jre/lib/resources.jar:/Library/Java/JavaVirtualMachines/jdk1.8.0_121.jdk/Contents/Home/jre/lib/rt.jar:/Library/Java/JavaVirtualMachines/jdk1.8.0_121.jdk/Contents/Home/jre/lib/sunrsasign.jar:/Library/Java/JavaVirtualMachines/jdk1.8.0_121.jdk/Contents/Home/jre/lib/jsse.jar:/Library/Java/JavaVirtualMachines/jdk1.8.0_121.jdk/Contents/Home/jre/lib/jce.jar:/Library/Java/JavaVirtualMachines/jdk1.8.0_121.jdk/Contents/Home/jre/lib/charsets.jar:/Library/Java/JavaVirtualMachines/jdk1.8.0_121.jdk/Contents/Home/jre/lib/jfr.jar:/Library/Java/JavaVirtualMachines/jdk1.8.0_121.jdk/Contents/Home/jre/classes, java.vendor=Oracle Corporation, localRepository=/Users/biraj/.m2/repository, file.separator=/, java.vendor.url.bug=http://bugreport.sun.com/bugreport/, sun.io.unicode.encoding=UnicodeBig, sun.cpu.endian=little, sun.cpu.isalist=}}, SystemEnvironmentPropertySource@238157928 {name='systemEnvironment', properties={PATH=/usr/bin:/bin:/usr/sbin:/sbin, JAVA_MAIN_CLASS_15205=org.apache.maven.surefire.booter.ForkedBooter, JAVA_STARTED_ON_FIRST_THREAD_7930=1, SHELL=/bin/bash, APP_ICON_7930=../Resources/Eclipse.icns, OLDPWD=/Users/biraj/Downloads/appointmentBookingJava9, USER=biraj, TMPDIR=/var/folders/cm/jgjglxc502ngzlxczj6mzgpw0000gn/T/, SSH_AUTH_SOCK=/private/tmp/com.apple.launchd.cQoHh297PH/Listeners, XPC_FLAGS=0x0, __CF_USER_TEXT_ENCODING=0x1F5:0x0:0x3, Apple_PubSub_Socket_Render=/private/tmp/com.apple.launchd.6jRfFgOEN2/Render, LOGNAME=biraj, JAVA_MAIN_CLASS_15200=org.codehaus.plexus.classworlds.launcher.Launcher, XPC_SERVICE_NAME=0, PWD=/Users/biraj/Downloads/appointmentBookingJava9, HOME=/Users/biraj, SHLVL=1, _=/Library/Java/JavaVirtualMachines/jdk1.8.0_121.jdk/Contents/Home/jre/bin/java}}]
20:18:19.119 [main] DEBUG org.springframework.core.io.support.PathMatchingResourcePatternResolver - Resolved classpath location [com/example/appointmentBookingJava9/] to resources [URL [file:/Users/biraj/Downloads/appointmentBookingJava9/target/test-classes/com/example/appointmentBookingJava9/], URL [file:/Users/biraj/Downloads/appointmentBookingJava9/target/classes/com/example/appointmentBookingJava9/]]
20:18:19.119 [main] DEBUG org.springframework.core.io.support.PathMatchingResourcePatternResolver - Looking for matching resources in directory tree [/Users/biraj/Downloads/appointmentBookingJava9/target/test-classes/com/example/appointmentBookingJava9]
20:18:19.120 [main] DEBUG org.springframework.core.io.support.PathMatchingResourcePatternResolver - Searching directory [/Users/biraj/Downloads/appointmentBookingJava9/target/test-classes/com/example/appointmentBookingJava9] for files matching pattern [/Users/biraj/Downloads/appointmentBookingJava9/target/test-classes/com/example/appointmentBookingJava9/*.class]
20:18:19.124 [main] DEBUG org.springframework.core.io.support.PathMatchingResourcePatternResolver - Looking for matching resources in directory tree [/Users/biraj/Downloads/appointmentBookingJava9/target/classes/com/example/appointmentBookingJava9]
20:18:19.124 [main] DEBUG org.springframework.core.io.support.PathMatchingResourcePatternResolver - Searching directory [/Users/biraj/Downloads/appointmentBookingJava9/target/classes/com/example/appointmentBookingJava9] for files matching pattern [/Users/biraj/Downloads/appointmentBookingJava9/target/classes/com/example/appointmentBookingJava9/*.class]
20:18:19.124 [main] DEBUG org.springframework.core.io.support.PathMatchingResourcePatternResolver - Resolved location pattern [classpath*:com/example/appointmentBookingJava9/*.class] to resources [file [/Users/biraj/Downloads/appointmentBookingJava9/target/test-classes/com/example/appointmentBookingJava9/AppointmentBookingJava9ApplicationTests.class]]
20:18:19.157 [main] DEBUG org.springframework.core.io.support.PathMatchingResourcePatternResolver - Resolved classpath location [com/example/] to resources [URL [file:/Users/biraj/Downloads/appointmentBookingJava9/target/test-classes/com/example/], URL [file:/Users/biraj/Downloads/appointmentBookingJava9/target/classes/com/example/]]
20:18:19.158 [main] DEBUG org.springframework.core.io.support.PathMatchingResourcePatternResolver - Looking for matching resources in directory tree [/Users/biraj/Downloads/appointmentBookingJava9/target/test-classes/com/example]
20:18:19.158 [main] DEBUG org.springframework.core.io.support.PathMatchingResourcePatternResolver - Searching directory [/Users/biraj/Downloads/appointmentBookingJava9/target/test-classes/com/example] for files matching pattern [/Users/biraj/Downloads/appointmentBookingJava9/target/test-classes/com/example/*.class]
20:18:19.158 [main] DEBUG org.springframework.core.io.support.PathMatchingResourcePatternResolver - Looking for matching resources in directory tree [/Users/biraj/Downloads/appointmentBookingJava9/target/classes/com/example]
20:18:19.158 [main] DEBUG org.springframework.core.io.support.PathMatchingResourcePatternResolver - Searching directory [/Users/biraj/Downloads/appointmentBookingJava9/target/classes/com/example] for files matching pattern [/Users/biraj/Downloads/appointmentBookingJava9/target/classes/com/example/*.class]
20:18:19.159 [main] DEBUG org.springframework.core.io.support.PathMatchingResourcePatternResolver - Resolved location pattern [classpath*:com/example/*.class] to resources []
20:18:19.160 [main] DEBUG org.springframework.core.io.support.PathMatchingResourcePatternResolver - Resolved classpath location [com/] to resources [URL [jar:file:/System/Library/Java/Extensions/MRJToolkit.jar!/com/], URL [file:/Users/biraj/Downloads/appointmentBookingJava9/target/test-classes/com/], URL [file:/Users/biraj/Downloads/appointmentBookingJava9/target/classes/com/], URL [jar:file:/Users/biraj/.m2/repository/com/fasterxml/classmate/1.3.4/classmate-1.3.4.jar!/com/], URL [jar:file:/Users/biraj/.m2/repository/com/fasterxml/jackson/core/jackson-databind/2.8.11.1/jackson-databind-2.8.11.1.jar!/com/], URL [jar:file:/Users/biraj/.m2/repository/com/fasterxml/jackson/core/jackson-annotations/2.8.0/jackson-annotations-2.8.0.jar!/com/], URL [jar:file:/Users/biraj/.m2/repository/com/fasterxml/jackson/core/jackson-core/2.8.11/jackson-core-2.8.11.jar!/com/], URL [jar:file:/Users/biraj/.m2/repository/com/jayway/jsonpath/json-path/2.2.0/json-path-2.2.0.jar!/com/]]
20:18:19.161 [main] DEBUG org.springframework.core.io.support.PathMatchingResourcePatternResolver - Looking for matching resources in jar file [file:/System/Library/Java/Extensions/MRJToolkit.jar]
20:18:19.162 [main] DEBUG org.springframework.core.io.support.PathMatchingResourcePatternResolver - Looking for matching resources in directory tree [/Users/biraj/Downloads/appointmentBookingJava9/target/test-classes/com]
20:18:19.162 [main] DEBUG org.springframework.core.io.support.PathMatchingResourcePatternResolver - Searching directory [/Users/biraj/Downloads/appointmentBookingJava9/target/test-classes/com] for files matching pattern [/Users/biraj/Downloads/appointmentBookingJava9/target/test-classes/com/*.class]
20:18:19.162 [main] DEBUG org.springframework.core.io.support.PathMatchingResourcePatternResolver - Looking for matching resources in directory tree [/Users/biraj/Downloads/appointmentBookingJava9/target/classes/com]
20:18:19.163 [main] DEBUG org.springframework.core.io.support.PathMatchingResourcePatternResolver - Searching directory [/Users/biraj/Downloads/appointmentBookingJava9/target/classes/com] for files matching pattern [/Users/biraj/Downloads/appointmentBookingJava9/target/classes/com/*.class]
20:18:19.165 [main] DEBUG org.springframework.core.io.support.PathMatchingResourcePatternResolver - Looking for matching resources in jar file [file:/Users/biraj/.m2/repository/com/fasterxml/classmate/1.3.4/classmate-1.3.4.jar]
20:18:19.167 [main] DEBUG org.springframework.core.io.support.PathMatchingResourcePatternResolver - Looking for matching resources in jar file [file:/Users/biraj/.m2/repository/com/fasterxml/jackson/core/jackson-databind/2.8.11.1/jackson-databind-2.8.11.1.jar]
20:18:19.178 [main] DEBUG org.springframework.core.io.support.PathMatchingResourcePatternResolver - Looking for matching resources in jar file [file:/Users/biraj/.m2/repository/com/fasterxml/jackson/core/jackson-annotations/2.8.0/jackson-annotations-2.8.0.jar]
20:18:19.182 [main] DEBUG org.springframework.core.io.support.PathMatchingResourcePatternResolver - Looking for matching resources in jar file [file:/Users/biraj/.m2/repository/com/fasterxml/jackson/core/jackson-core/2.8.11/jackson-core-2.8.11.jar]
20:18:19.185 [main] DEBUG org.springframework.core.io.support.PathMatchingResourcePatternResolver - Looking for matching resources in jar file [file:/Users/biraj/.m2/repository/com/jayway/jsonpath/json-path/2.2.0/json-path-2.2.0.jar]
20:18:19.189 [main] DEBUG org.springframework.core.io.support.PathMatchingResourcePatternResolver - Resolved location pattern [classpath*:com/*.class] to resources []
20:18:19.196 [main] DEBUG org.springframework.test.context.junit4.SpringJUnit4ClassRunner - SpringJUnit4ClassRunner constructor called with [class com.example.appointmentBookingJava9.AppointmentBookingJava9ApplicationTests]
20:18:19.197 [main] DEBUG org.springframework.test.context.BootstrapUtils - Instantiating CacheAwareContextLoaderDelegate from class [org.springframework.test.context.cache.DefaultCacheAwareContextLoaderDelegate]
20:18:19.197 [main] DEBUG org.springframework.test.context.BootstrapUtils - Instantiating BootstrapContext using constructor [public org.springframework.test.context.support.DefaultBootstrapContext(java.lang.Class,org.springframework.test.context.CacheAwareContextLoaderDelegate)]
20:18:19.198 [main] DEBUG org.springframework.test.context.BootstrapUtils - Instantiating TestContextBootstrapper for test class [com.example.appointmentBookingJava9.AppointmentBookingJava9ApplicationTests] from class [org.springframework.boot.test.context.SpringBootTestContextBootstrapper]
20:18:19.199 [main] INFO org.springframework.boot.test.context.SpringBootTestContextBootstrapper - Neither @ContextConfiguration nor @ContextHierarchy found for test class [com.example.appointmentBookingJava9.AppointmentBookingJava9ApplicationTests], using SpringBootContextLoader
20:18:19.200 [main] DEBUG org.springframework.test.context.support.AbstractContextLoader - Did not detect default resource location for test class [com.example.appointmentBookingJava9.AppointmentBookingJava9ApplicationTests]: class path resource [com/example/appointmentBookingJava9/AppointmentBookingJava9ApplicationTests-context.xml] does not exist
20:18:19.201 [main] DEBUG org.springframework.test.context.support.AbstractContextLoader - Did not detect default resource location for test class [com.example.appointmentBookingJava9.AppointmentBookingJava9ApplicationTests]: class path resource [com/example/appointmentBookingJava9/AppointmentBookingJava9ApplicationTestsContext.groovy] does not exist
20:18:19.201 [main] INFO org.springframework.test.context.support.AbstractContextLoader - Could not detect default resource locations for test class [com.example.appointmentBookingJava9.AppointmentBookingJava9ApplicationTests]: no resource found for suffixes {-context.xml, Context.groovy}.
20:18:19.201 [main] INFO org.springframework.test.context.support.AnnotationConfigContextLoaderUtils - Could not detect default configuration classes for test class [com.example.appointmentBookingJava9.AppointmentBookingJava9ApplicationTests]: AppointmentBookingJava9ApplicationTests does not declare any static, non-private, non-final, nested classes annotated with @Configuration.
20:18:19.208 [main] DEBUG org.springframework.test.context.support.ActiveProfilesUtils - Could not find an 'annotation declaring class' for annotation type [org.springframework.test.context.ActiveProfiles] and class [com.example.appointmentBookingJava9.AppointmentBookingJava9ApplicationTests]
20:18:19.209 [main] DEBUG org.springframework.core.env.StandardEnvironment - Adding PropertySource 'systemProperties' with lowest search precedence
20:18:19.209 [main] DEBUG org.springframework.core.env.StandardEnvironment - Adding PropertySource 'systemEnvironment' with lowest search precedence
20:18:19.210 [main] DEBUG org.springframework.core.env.StandardEnvironment - Initialized StandardEnvironment with PropertySources [MapPropertySource@1693847660 {name='systemProperties', properties={java.runtime.name=Java(TM) SE Runtime Environment, sun.boot.library.path=/Library/Java/JavaVirtualMachines/jdk1.8.0_121.jdk/Contents/Home/jre/lib, java.vm.version=25.121-b13, gopherProxySet=false, java.vm.vendor=Oracle Corporation, java.vendor.url=http://java.oracle.com/, path.separator=:, java.vm.name=Java HotSpot(TM) 64-Bit Server VM, file.encoding.pkg=sun.io, user.country=DE, sun.java.launcher=SUN_STANDARD, sun.os.patch.level=unknown, java.vm.specification.name=Java Virtual Machine Specification, user.dir=/Users/biraj/Downloads/appointmentBookingJava9, java.runtime.version=1.8.0_121-b13, basedir=/Users/biraj/Downloads/appointmentBookingJava9, java.awt.graphicsenv=sun.awt.CGraphicsEnvironment, java.endorsed.dirs=/Library/Java/JavaVirtualMachines/jdk1.8.0_121.jdk/Contents/Home/jre/lib/endorsed, os.arch=x86_64, surefire.real.class.path=/Users/biraj/Downloads/appointmentBookingJava9/target/surefire/surefirebooter5080435721898058541.jar, java.io.tmpdir=/var/folders/cm/jgjglxc502ngzlxczj6mzgpw0000gn/T/, line.separator=
, java.vm.specification.vendor=Oracle Corporation, os.name=Mac OS X, sun.jnu.encoding=UTF-8, java.library.path=/Users/biraj/Library/Java/Extensions:/Library/Java/Extensions:/Network/Library/Java/Extensions:/System/Library/Java/Extensions:/usr/lib/java:., surefire.test.class.path=/Users/biraj/Downloads/appointmentBookingJava9/target/test-classes:/Users/biraj/Downloads/appointmentBookingJava9/target/classes:/Users/biraj/.m2/repository/org/springframework/boot/spring-boot-starter-data-jpa/1.5.12.RELEASE/spring-boot-starter-data-jpa-1.5.12.RELEASE.jar:/Users/biraj/.m2/repository/org/springframework/boot/spring-boot-starter/1.5.12.RELEASE/spring-boot-starter-1.5.12.RELEASE.jar:/Users/biraj/.m2/repository/org/springframework/boot/spring-boot/1.5.12.RELEASE/spring-boot-1.5.12.RELEASE.jar:/Users/biraj/.m2/repository/org/springframework/boot/spring-boot-autoconfigure/1.5.12.RELEASE/spring-boot-autoconfigure-1.5.12.RELEASE.jar:/Users/biraj/.m2/repository/org/springframework/boot/spring-boot-starter-logging/1.5.12.RELEASE/spring-boot-starter-logging-1.5.12.RELEASE.jar:/Users/biraj/.m2/repository/ch/qos/logback/logback-classic/1.1.11/logback-classic-1.1.11.jar:/Users/biraj/.m2/repository/ch/qos/logback/logback-core/1.1.11/logback-core-1.1.11.jar:/Users/biraj/.m2/repository/org/slf4j/jul-to-slf4j/1.7.25/jul-to-slf4j-1.7.25.jar:/Users/biraj/.m2/repository/org/slf4j/log4j-over-slf4j/1.7.25/log4j-over-slf4j-1.7.25.jar:/Users/biraj/.m2/repository/org/yaml/snakeyaml/1.17/snakeyaml-1.17.jar:/Users/biraj/.m2/repository/org/springframework/boot/spring-boot-starter-aop/1.5.12.RELEASE/spring-boot-starter-aop-1.5.12.RELEASE.jar:/Users/biraj/.m2/repository/org/springframework/spring-aop/4.3.16.RELEASE/spring-aop-4.3.16.RELEASE.jar:/Users/biraj/.m2/repository/org/aspectj/aspectjweaver/1.8.13/aspectjweaver-1.8.13.jar:/Users/biraj/.m2/repository/org/springframework/boot/spring-boot-starter-jdbc/1.5.12.RELEASE/spring-boot-starter-jdbc-1.5.12.RELEASE.jar:/Users/biraj/.m2/repository/org/apache/tomcat/tomcat-jdbc/8.5.29/tomcat-jdbc-8.5.29.jar:/Users/biraj/.m2/repository/org/apache/tomcat/tomcat-juli/8.5.29/tomcat-juli-8.5.29.jar:/Users/biraj/.m2/repository/org/springframework/spring-jdbc/4.3.16.RELEASE/spring-jdbc-4.3.16.RELEASE.jar:/Users/biraj/.m2/repository/org/hibernate/hibernate-core/5.0.12.Final/hibernate-core-5.0.12.Final.jar:/Users/biraj/.m2/repository/org/jboss/logging/jboss-logging/3.3.2.Final/jboss-logging-3.3.2.Final.jar:/Users/biraj/.m2/repository/org/hibernate/javax/persistence/hibernate-jpa-2.1-api/1.0.0.Final/hibernate-jpa-2.1-api-1.0.0.Final.jar:/Users/biraj/.m2/repository/org/javassist/javassist/3.21.0-GA/javassist-3.21.0-GA.jar:/Users/biraj/.m2/repository/antlr/antlr/2.7.7/antlr-2.7.7.jar:/Users/biraj/.m2/repository/org/jboss/jandex/2.0.0.Final/jandex-2.0.0.Final.jar:/Users/biraj/.m2/repository/dom4j/dom4j/1.6.1/dom4j-1.6.1.jar:/Users/biraj/.m2/repository/org/hibernate/common/hibernate-commons-annotations/5.0.1.Final/hibernate-commons-annotations-5.0.1.Final.jar:/Users/biraj/.m2/repository/org/hibernate/hibernate-entitymanager/5.0.12.Final/hibernate-entitymanager-5.0.12.Final.jar:/Users/biraj/.m2/repository/javax/transaction/javax.transaction-api/1.2/javax.transaction-api-1.2.jar:/Users/biraj/.m2/repository/org/springframework/data/spring-data-jpa/1.11.11.RELEASE/spring-data-jpa-1.11.11.RELEASE.jar:/Users/biraj/.m2/repository/org/springframework/data/spring-data-commons/1.13.11.RELEASE/spring-data-commons-1.13.11.RELEASE.jar:/Users/biraj/.m2/repository/org/springframework/spring-orm/4.3.16.RELEASE/spring-orm-4.3.16.RELEASE.jar:/Users/biraj/.m2/repository/org/springframework/spring-context/4.3.16.RELEASE/spring-context-4.3.16.RELEASE.jar:/Users/biraj/.m2/repository/org/springframework/spring-tx/4.3.16.RELEASE/spring-tx-4.3.16.RELEASE.jar:/Users/biraj/.m2/repository/org/springframework/spring-beans/4.3.16.RELEASE/spring-beans-4.3.16.RELEASE.jar:/Users/biraj/.m2/repository/org/slf4j/slf4j-api/1.7.25/slf4j-api-1.7.25.jar:/Users/biraj/.m2/repository/org/slf4j/jcl-over-slf4j/1.7.25/jcl-over-slf4j-1.7.25.jar:/Users/biraj/.m2/repository/org/springframework/spring-aspects/4.3.16.RELEASE/spring-aspects-4.3.16.RELEASE.jar:/Users/biraj/.m2/repository/org/springframework/boot/spring-boot-starter-web/1.5.12.RELEASE/spring-boot-starter-web-1.5.12.RELEASE.jar:/Users/biraj/.m2/repository/org/springframework/boot/spring-boot-starter-tomcat/1.5.12.RELEASE/spring-boot-starter-tomcat-1.5.12.RELEASE.jar:/Users/biraj/.m2/repository/org/apache/tomcat/embed/tomcat-embed-core/8.5.29/tomcat-embed-core-8.5.29.jar:/Users/biraj/.m2/repository/org/apache/tomcat/tomcat-annotations-api/8.5.29/tomcat-annotations-api-8.5.29.jar:/Users/biraj/.m2/repository/org/apache/tomcat/embed/tomcat-embed-el/8.5.29/tomcat-embed-el-8.5.29.jar:/Users/biraj/.m2/repository/org/apache/tomcat/embed/tomcat-embed-websocket/8.5.29/tomcat-embed-websocket-8.5.29.jar:/Users/biraj/.m2/repository/org/hibernate/hibernate-validator/5.3.6.Final/hibernate-validator-5.3.6.Final.jar:/Users/biraj/.m2/repository/javax/validation/validation-api/1.1.0.Final/validation-api-1.1.0.Final.jar:/Users/biraj/.m2/repository/com/fasterxml/classmate/1.3.4/classmate-1.3.4.jar:/Users/biraj/.m2/repository/com/fasterxml/jackson/core/jackson-databind/2.8.11.1/jackson-databind-2.8.11.1.jar:/Users/biraj/.m2/repository/com/fasterxml/jackson/core/jackson-annotations/2.8.0/jackson-annotations-2.8.0.jar:/Users/biraj/.m2/repository/com/fasterxml/jackson/core/jackson-core/2.8.11/jackson-core-2.8.11.jar:/Users/biraj/.m2/repository/org/springframework/spring-web/4.3.16.RELEASE/spring-web-4.3.16.RELEASE.jar:/Users/biraj/.m2/repository/org/springframework/spring-webmvc/4.3.16.RELEASE/spring-webmvc-4.3.16.RELEASE.jar:/Users/biraj/.m2/repository/org/springframework/spring-expression/4.3.16.RELEASE/spring-expression-4.3.16.RELEASE.jar:/Users/biraj/.m2/repository/com/h2database/h2/1.4.197/h2-1.4.197.jar:/Users/biraj/.m2/repository/org/springframework/boot/spring-boot-starter-test/1.5.12.RELEASE/spring-boot-starter-test-1.5.12.RELEASE.jar:/Users/biraj/.m2/repository/org/springframework/boot/spring-boot-test/1.5.12.RELEASE/spring-boot-test-1.5.12.RELEASE.jar:/Users/biraj/.m2/repository/org/springframework/boot/spring-boot-test-autoconfigure/1.5.12.RELEASE/spring-boot-test-autoconfigure-1.5.12.RELEASE.jar:/Users/biraj/.m2/repository/com/jayway/jsonpath/json-path/2.2.0/json-path-2.2.0.jar:/Users/biraj/.m2/repository/net/minidev/json-smart/2.2.1/json-smart-2.2.1.jar:/Users/biraj/.m2/repository/net/minidev/accessors-smart/1.1/accessors-smart-1.1.jar:/Users/biraj/.m2/repository/org/ow2/asm/asm/5.0.3/asm-5.0.3.jar:/Users/biraj/.m2/repository/junit/junit/4.12/junit-4.12.jar:/Users/biraj/.m2/repository/org/assertj/assertj-core/2.6.0/assertj-core-2.6.0.jar:/Users/biraj/.m2/repository/org/mockito/mockito-core/1.10.19/mockito-core-1.10.19.jar:/Users/biraj/.m2/repository/org/objenesis/objenesis/2.1/objenesis-2.1.jar:/Users/biraj/.m2/repository/org/hamcrest/hamcrest-core/1.3/hamcrest-core-1.3.jar:/Users/biraj/.m2/repository/org/hamcrest/hamcrest-library/1.3/hamcrest-library-1.3.jar:/Users/biraj/.m2/repository/org/skyscreamer/jsonassert/1.4.0/jsonassert-1.4.0.jar:/Users/biraj/.m2/repository/com/vaadin/external/google/android-json/0.0.20131108.vaadin1/android-json-0.0.20131108.vaadin1.jar:/Users/biraj/.m2/repository/org/springframework/spring-core/4.3.16.RELEASE/spring-core-4.3.16.RELEASE.jar:/Users/biraj/.m2/repository/org/springframework/spring-test/4.3.16.RELEASE/spring-test-4.3.16.RELEASE.jar:, java.specification.name=Java Platform API Specification, java.class.version=52.0, sun.management.compiler=HotSpot 64-Bit Tiered Compilers, os.version=10.12.6, user.home=/Users/biraj, user.timezone=Europe/Berlin, java.awt.printerjob=sun.lwawt.macosx.CPrinterJob, file.encoding=UTF-8, java.specification.version=1.8, java.class.path=/Users/biraj/Downloads/appointmentBookingJava9/target/test-classes:/Users/biraj/Downloads/appointmentBookingJava9/target/classes:/Users/biraj/.m2/repository/org/springframework/boot/spring-boot-starter-data-jpa/1.5.12.RELEASE/spring-boot-starter-data-jpa-1.5.12.RELEASE.jar:/Users/biraj/.m2/repository/org/springframework/boot/spring-boot-starter/1.5.12.RELEASE/spring-boot-starter-1.5.12.RELEASE.jar:/Users/biraj/.m2/repository/org/springframework/boot/spring-boot/1.5.12.RELEASE/spring-boot-1.5.12.RELEASE.jar:/Users/biraj/.m2/repository/org/springframework/boot/spring-boot-autoconfigure/1.5.12.RELEASE/spring-boot-autoconfigure-1.5.12.RELEASE.jar:/Users/biraj/.m2/repository/org/springframework/boot/spring-boot-starter-logging/1.5.12.RELEASE/spring-boot-starter-logging-1.5.12.RELEASE.jar:/Users/biraj/.m2/repository/ch/qos/logback/logback-classic/1.1.11/logback-classic-1.1.11.jar:/Users/biraj/.m2/repository/ch/qos/logback/logback-core/1.1.11/logback-core-1.1.11.jar:/Users/biraj/.m2/repository/org/slf4j/jul-to-slf4j/1.7.25/jul-to-slf4j-1.7.25.jar:/Users/biraj/.m2/repository/org/slf4j/log4j-over-slf4j/1.7.25/log4j-over-slf4j-1.7.25.jar:/Users/biraj/.m2/repository/org/yaml/snakeyaml/1.17/snakeyaml-1.17.jar:/Users/biraj/.m2/repository/org/springframework/boot/spring-boot-starter-aop/1.5.12.RELEASE/spring-boot-starter-aop-1.5.12.RELEASE.jar:/Users/biraj/.m2/repository/org/springframework/spring-aop/4.3.16.RELEASE/spring-aop-4.3.16.RELEASE.jar:/Users/biraj/.m2/repository/org/aspectj/aspectjweaver/1.8.13/aspectjweaver-1.8.13.jar:/Users/biraj/.m2/repository/org/springframework/boot/spring-boot-starter-jdbc/1.5.12.RELEASE/spring-boot-starter-jdbc-1.5.12.RELEASE.jar:/Users/biraj/.m2/repository/org/apache/tomcat/tomcat-jdbc/8.5.29/tomcat-jdbc-8.5.29.jar:/Users/biraj/.m2/repository/org/apache/tomcat/tomcat-juli/8.5.29/tomcat-juli-8.5.29.jar:/Users/biraj/.m2/repository/org/springframework/spring-jdbc/4.3.16.RELEASE/spring-jdbc-4.3.16.RELEASE.jar:/Users/biraj/.m2/repository/org/hibernate/hibernate-core/5.0.12.Final/hibernate-core-5.0.12.Final.jar:/Users/biraj/.m2/repository/org/jboss/logging/jboss-logging/3.3.2.Final/jboss-logging-3.3.2.Final.jar:/Users/biraj/.m2/repository/org/hibernate/javax/persistence/hibernate-jpa-2.1-api/1.0.0.Final/hibernate-jpa-2.1-api-1.0.0.Final.jar:/Users/biraj/.m2/repository/org/javassist/javassist/3.21.0-GA/javassist-3.21.0-GA.jar:/Users/biraj/.m2/repository/antlr/antlr/2.7.7/antlr-2.7.7.jar:/Users/biraj/.m2/repository/org/jboss/jandex/2.0.0.Final/jandex-2.0.0.Final.jar:/Users/biraj/.m2/repository/dom4j/dom4j/1.6.1/dom4j-1.6.1.jar:/Users/biraj/.m2/repository/org/hibernate/common/hibernate-commons-annotations/5.0.1.Final/hibernate-commons-annotations-5.0.1.Final.jar:/Users/biraj/.m2/repository/org/hibernate/hibernate-entitymanager/5.0.12.Final/hibernate-entitymanager-5.0.12.Final.jar:/Users/biraj/.m2/repository/javax/transaction/javax.transaction-api/1.2/javax.transaction-api-1.2.jar:/Users/biraj/.m2/repository/org/springframework/data/spring-data-jpa/1.11.11.RELEASE/spring-data-jpa-1.11.11.RELEASE.jar:/Users/biraj/.m2/repository/org/springframework/data/spring-data-commons/1.13.11.RELEASE/spring-data-commons-1.13.11.RELEASE.jar:/Users/biraj/.m2/repository/org/springframework/spring-orm/4.3.16.RELEASE/spring-orm-4.3.16.RELEASE.jar:/Users/biraj/.m2/repository/org/springframework/spring-context/4.3.16.RELEASE/spring-context-4.3.16.RELEASE.jar:/Users/biraj/.m2/repository/org/springframework/spring-tx/4.3.16.RELEASE/spring-tx-4.3.16.RELEASE.jar:/Users/biraj/.m2/repository/org/springframework/spring-beans/4.3.16.RELEASE/spring-beans-4.3.16.RELEASE.jar:/Users/biraj/.m2/repository/org/slf4j/slf4j-api/1.7.25/slf4j-api-1.7.25.jar:/Users/biraj/.m2/repository/org/slf4j/jcl-over-slf4j/1.7.25/jcl-over-slf4j-1.7.25.jar:/Users/biraj/.m2/repository/org/springframework/spring-aspects/4.3.16.RELEASE/spring-aspects-4.3.16.RELEASE.jar:/Users/biraj/.m2/repository/org/springframework/boot/spring-boot-starter-web/1.5.12.RELEASE/spring-boot-starter-web-1.5.12.RELEASE.jar:/Users/biraj/.m2/repository/org/springframework/boot/spring-boot-starter-tomcat/1.5.12.RELEASE/spring-boot-starter-tomcat-1.5.12.RELEASE.jar:/Users/biraj/.m2/repository/org/apache/tomcat/embed/tomcat-embed-core/8.5.29/tomcat-embed-core-8.5.29.jar:/Users/biraj/.m2/repository/org/apache/tomcat/tomcat-annotations-api/8.5.29/tomcat-annotations-api-8.5.29.jar:/Users/biraj/.m2/repository/org/apache/tomcat/embed/tomcat-embed-el/8.5.29/tomcat-embed-el-8.5.29.jar:/Users/biraj/.m2/repository/org/apache/tomcat/embed/tomcat-embed-websocket/8.5.29/tomcat-embed-websocket-8.5.29.jar:/Users/biraj/.m2/repository/org/hibernate/hibernate-validator/5.3.6.Final/hibernate-validator-5.3.6.Final.jar:/Users/biraj/.m2/repository/javax/validation/validation-api/1.1.0.Final/validation-api-1.1.0.Final.jar:/Users/biraj/.m2/repository/com/fasterxml/classmate/1.3.4/classmate-1.3.4.jar:/Users/biraj/.m2/repository/com/fasterxml/jackson/core/jackson-databind/2.8.11.1/jackson-databind-2.8.11.1.jar:/Users/biraj/.m2/repository/com/fasterxml/jackson/core/jackson-annotations/2.8.0/jackson-annotations-2.8.0.jar:/Users/biraj/.m2/repository/com/fasterxml/jackson/core/jackson-core/2.8.11/jackson-core-2.8.11.jar:/Users/biraj/.m2/repository/org/springframework/spring-web/4.3.16.RELEASE/spring-web-4.3.16.RELEASE.jar:/Users/biraj/.m2/repository/org/springframework/spring-webmvc/4.3.16.RELEASE/spring-webmvc-4.3.16.RELEASE.jar:/Users/biraj/.m2/repository/org/springframework/spring-expression/4.3.16.RELEASE/spring-expression-4.3.16.RELEASE.jar:/Users/biraj/.m2/repository/com/h2database/h2/1.4.197/h2-1.4.197.jar:/Users/biraj/.m2/repository/org/springframework/boot/spring-boot-starter-test/1.5.12.RELEASE/spring-boot-starter-test-1.5.12.RELEASE.jar:/Users/biraj/.m2/repository/org/springframework/boot/spring-boot-test/1.5.12.RELEASE/spring-boot-test-1.5.12.RELEASE.jar:/Users/biraj/.m2/repository/org/springframework/boot/spring-boot-test-autoconfigure/1.5.12.RELEASE/spring-boot-test-autoconfigure-1.5.12.RELEASE.jar:/Users/biraj/.m2/repository/com/jayway/jsonpath/json-path/2.2.0/json-path-2.2.0.jar:/Users/biraj/.m2/repository/net/minidev/json-smart/2.2.1/json-smart-2.2.1.jar:/Users/biraj/.m2/repository/net/minidev/accessors-smart/1.1/accessors-smart-1.1.jar:/Users/biraj/.m2/repository/org/ow2/asm/asm/5.0.3/asm-5.0.3.jar:/Users/biraj/.m2/repository/junit/junit/4.12/junit-4.12.jar:/Users/biraj/.m2/repository/org/assertj/assertj-core/2.6.0/assertj-core-2.6.0.jar:/Users/biraj/.m2/repository/org/mockito/mockito-core/1.10.19/mockito-core-1.10.19.jar:/Users/biraj/.m2/repository/org/objenesis/objenesis/2.1/objenesis-2.1.jar:/Users/biraj/.m2/repository/org/hamcrest/hamcrest-core/1.3/hamcrest-core-1.3.jar:/Users/biraj/.m2/repository/org/hamcrest/hamcrest-library/1.3/hamcrest-library-1.3.jar:/Users/biraj/.m2/repository/org/skyscreamer/jsonassert/1.4.0/jsonassert-1.4.0.jar:/Users/biraj/.m2/repository/com/vaadin/external/google/android-json/0.0.20131108.vaadin1/android-json-0.0.20131108.vaadin1.jar:/Users/biraj/.m2/repository/org/springframework/spring-core/4.3.16.RELEASE/spring-core-4.3.16.RELEASE.jar:/Users/biraj/.m2/repository/org/springframework/spring-test/4.3.16.RELEASE/spring-test-4.3.16.RELEASE.jar:, user.name=biraj, java.vm.specification.version=1.8, sun.java.command=/Users/biraj/Downloads/appointmentBookingJava9/target/surefire/surefirebooter5080435721898058541.jar /Users/biraj/Downloads/appointmentBookingJava9/target/surefire/surefire4731509092128511968tmp /Users/biraj/Downloads/appointmentBookingJava9/target/surefire/surefire_08655366724052587148tmp, java.home=/Library/Java/JavaVirtualMachines/jdk1.8.0_121.jdk/Contents/Home/jre, sun.arch.data.model=64, user.language=de, java.specification.vendor=Oracle Corporation, awt.toolkit=sun.lwawt.macosx.LWCToolkit, java.vm.info=mixed mode, java.version=1.8.0_121, java.ext.dirs=/Users/biraj/Library/Java/Extensions:/Library/Java/JavaVirtualMachines/jdk1.8.0_121.jdk/Contents/Home/jre/lib/ext:/Library/Java/Extensions:/Network/Library/Java/Extensions:/System/Library/Java/Extensions:/usr/lib/java, sun.boot.class.path=/Library/Java/JavaVirtualMachines/jdk1.8.0_121.jdk/Contents/Home/jre/lib/resources.jar:/Library/Java/JavaVirtualMachines/jdk1.8.0_121.jdk/Contents/Home/jre/lib/rt.jar:/Library/Java/JavaVirtualMachines/jdk1.8.0_121.jdk/Contents/Home/jre/lib/sunrsasign.jar:/Library/Java/JavaVirtualMachines/jdk1.8.0_121.jdk/Contents/Home/jre/lib/jsse.jar:/Library/Java/JavaVirtualMachines/jdk1.8.0_121.jdk/Contents/Home/jre/lib/jce.jar:/Library/Java/JavaVirtualMachines/jdk1.8.0_121.jdk/Contents/Home/jre/lib/charsets.jar:/Library/Java/JavaVirtualMachines/jdk1.8.0_121.jdk/Contents/Home/jre/lib/jfr.jar:/Library/Java/JavaVirtualMachines/jdk1.8.0_121.jdk/Contents/Home/jre/classes, java.vendor=Oracle Corporation, localRepository=/Users/biraj/.m2/repository, file.separator=/, java.vendor.url.bug=http://bugreport.sun.com/bugreport/, sun.io.unicode.encoding=UnicodeBig, sun.cpu.endian=little, sun.cpu.isalist=}}, SystemEnvironmentPropertySource@1429880200 {name='systemEnvironment', properties={PATH=/usr/bin:/bin:/usr/sbin:/sbin, JAVA_MAIN_CLASS_15205=org.apache.maven.surefire.booter.ForkedBooter, JAVA_STARTED_ON_FIRST_THREAD_7930=1, SHELL=/bin/bash, APP_ICON_7930=../Resources/Eclipse.icns, OLDPWD=/Users/biraj/Downloads/appointmentBookingJava9, USER=biraj, TMPDIR=/var/folders/cm/jgjglxc502ngzlxczj6mzgpw0000gn/T/, SSH_AUTH_SOCK=/private/tmp/com.apple.launchd.cQoHh297PH/Listeners, XPC_FLAGS=0x0, __CF_USER_TEXT_ENCODING=0x1F5:0x0:0x3, Apple_PubSub_Socket_Render=/private/tmp/com.apple.launchd.6jRfFgOEN2/Render, LOGNAME=biraj, JAVA_MAIN_CLASS_15200=org.codehaus.plexus.classworlds.launcher.Launcher, XPC_SERVICE_NAME=0, PWD=/Users/biraj/Downloads/appointmentBookingJava9, HOME=/Users/biraj, SHLVL=1, _=/Library/Java/JavaVirtualMachines/jdk1.8.0_121.jdk/Contents/Home/jre/bin/java}}]
20:18:19.222 [main] DEBUG org.springframework.core.io.support.PathMatchingResourcePatternResolver - Resolved classpath location [com/example/appointmentBookingJava9/] to resources [URL [file:/Users/biraj/Downloads/appointmentBookingJava9/target/test-classes/com/example/appointmentBookingJava9/], URL [file:/Users/biraj/Downloads/appointmentBookingJava9/target/classes/com/example/appointmentBookingJava9/]]
20:18:19.223 [main] DEBUG org.springframework.core.io.support.PathMatchingResourcePatternResolver - Looking for matching resources in directory tree [/Users/biraj/Downloads/appointmentBookingJava9/target/test-classes/com/example/appointmentBookingJava9]
20:18:19.224 [main] DEBUG org.springframework.core.io.support.PathMatchingResourcePatternResolver - Searching directory [/Users/biraj/Downloads/appointmentBookingJava9/target/test-classes/com/example/appointmentBookingJava9] for files matching pattern [/Users/biraj/Downloads/appointmentBookingJava9/target/test-classes/com/example/appointmentBookingJava9/*.class]
20:18:19.225 [main] DEBUG org.springframework.core.io.support.PathMatchingResourcePatternResolver - Looking for matching resources in directory tree [/Users/biraj/Downloads/appointmentBookingJava9/target/classes/com/example/appointmentBookingJava9]
20:18:19.226 [main] DEBUG org.springframework.core.io.support.PathMatchingResourcePatternResolver - Searching directory [/Users/biraj/Downloads/appointmentBookingJava9/target/classes/com/example/appointmentBookingJava9] for files matching pattern [/Users/biraj/Downloads/appointmentBookingJava9/target/classes/com/example/appointmentBookingJava9/*.class]
20:18:19.226 [main] DEBUG org.springframework.core.io.support.PathMatchingResourcePatternResolver - Resolved location pattern [classpath*:com/example/appointmentBookingJava9/*.class] to resources [file [/Users/biraj/Downloads/appointmentBookingJava9/target/test-classes/com/example/appointmentBookingJava9/AppointmentBookingJava9ApplicationTests.class]]
20:18:19.227 [main] DEBUG org.springframework.core.io.support.PathMatchingResourcePatternResolver - Resolved classpath location [com/example/] to resources [URL [file:/Users/biraj/Downloads/appointmentBookingJava9/target/test-classes/com/example/], URL [file:/Users/biraj/Downloads/appointmentBookingJava9/target/classes/com/example/]]
20:18:19.228 [main] DEBUG org.springframework.core.io.support.PathMatchingResourcePatternResolver - Looking for matching resources in directory tree [/Users/biraj/Downloads/appointmentBookingJava9/target/test-classes/com/example]
20:18:19.228 [main] DEBUG org.springframework.core.io.support.PathMatchingResourcePatternResolver - Searching directory [/Users/biraj/Downloads/appointmentBookingJava9/target/test-classes/com/example] for files matching pattern [/Users/biraj/Downloads/appointmentBookingJava9/target/test-classes/com/example/*.class]
20:18:19.229 [main] DEBUG org.springframework.core.io.support.PathMatchingResourcePatternResolver - Looking for matching resources in directory tree [/Users/biraj/Downloads/appointmentBookingJava9/target/classes/com/example]
20:18:19.229 [main] DEBUG org.springframework.core.io.support.PathMatchingResourcePatternResolver - Searching directory [/Users/biraj/Downloads/appointmentBookingJava9/target/classes/com/example] for files matching pattern [/Users/biraj/Downloads/appointmentBookingJava9/target/classes/com/example/*.class]
20:18:19.230 [main] DEBUG org.springframework.core.io.support.PathMatchingResourcePatternResolver - Resolved location pattern [classpath*:com/example/*.class] to resources []
20:18:19.232 [main] DEBUG org.springframework.core.io.support.PathMatchingResourcePatternResolver - Resolved classpath location [com/] to resources [URL [jar:file:/System/Library/Java/Extensions/MRJToolkit.jar!/com/], URL [file:/Users/biraj/Downloads/appointmentBookingJava9/target/test-classes/com/], URL [file:/Users/biraj/Downloads/appointmentBookingJava9/target/classes/com/], URL [jar:file:/Users/biraj/.m2/repository/com/fasterxml/classmate/1.3.4/classmate-1.3.4.jar!/com/], URL [jar:file:/Users/biraj/.m2/repository/com/fasterxml/jackson/core/jackson-databind/2.8.11.1/jackson-databind-2.8.11.1.jar!/com/], URL [jar:file:/Users/biraj/.m2/repository/com/fasterxml/jackson/core/jackson-annotations/2.8.0/jackson-annotations-2.8.0.jar!/com/], URL [jar:file:/Users/biraj/.m2/repository/com/fasterxml/jackson/core/jackson-core/2.8.11/jackson-core-2.8.11.jar!/com/], URL [jar:file:/Users/biraj/.m2/repository/com/jayway/jsonpath/json-path/2.2.0/json-path-2.2.0.jar!/com/]]
20:18:19.232 [main] DEBUG org.springframework.core.io.support.PathMatchingResourcePatternResolver - Looking for matching resources in jar file [file:/System/Library/Java/Extensions/MRJToolkit.jar]
20:18:19.233 [main] DEBUG org.springframework.core.io.support.PathMatchingResourcePatternResolver - Looking for matching resources in directory tree [/Users/biraj/Downloads/appointmentBookingJava9/target/test-classes/com]
20:18:19.234 [main] DEBUG org.springframework.core.io.support.PathMatchingResourcePatternResolver - Searching directory [/Users/biraj/Downloads/appointmentBookingJava9/target/test-classes/com] for files matching pattern [/Users/biraj/Downloads/appointmentBookingJava9/target/test-classes/com/*.class]
20:18:19.234 [main] DEBUG org.springframework.core.io.support.PathMatchingResourcePatternResolver - Looking for matching resources in directory tree [/Users/biraj/Downloads/appointmentBookingJava9/target/classes/com]
20:18:19.234 [main] DEBUG org.springframework.core.io.support.PathMatchingResourcePatternResolver - Searching directory [/Users/biraj/Downloads/appointmentBookingJava9/target/classes/com] for files matching pattern [/Users/biraj/Downloads/appointmentBookingJava9/target/classes/com/*.class]
20:18:19.235 [main] DEBUG org.springframework.core.io.support.PathMatchingResourcePatternResolver - Looking for matching resources in jar file [file:/Users/biraj/.m2/repository/com/fasterxml/classmate/1.3.4/classmate-1.3.4.jar]
20:18:19.236 [main] DEBUG org.springframework.core.io.support.PathMatchingResourcePatternResolver - Looking for matching resources in jar file [file:/Users/biraj/.m2/repository/com/fasterxml/jackson/core/jackson-databind/2.8.11.1/jackson-databind-2.8.11.1.jar]
20:18:19.252 [main] DEBUG org.springframework.core.io.support.PathMatchingResourcePatternResolver - Looking for matching resources in jar file [file:/Users/biraj/.m2/repository/com/fasterxml/jackson/core/jackson-annotations/2.8.0/jackson-annotations-2.8.0.jar]
20:18:19.269 [main] DEBUG org.springframework.core.io.support.PathMatchingResourcePatternResolver - Looking for matching resources in jar file [file:/Users/biraj/.m2/repository/com/fasterxml/jackson/core/jackson-core/2.8.11/jackson-core-2.8.11.jar]
20:18:19.282 [main] DEBUG org.springframework.core.io.support.PathMatchingResourcePatternResolver - Looking for matching resources in jar file [file:/Users/biraj/.m2/repository/com/jayway/jsonpath/json-path/2.2.0/json-path-2.2.0.jar]
20:18:19.283 [main] DEBUG org.springframework.core.io.support.PathMatchingResourcePatternResolver - Resolved location pattern [classpath*:com/*.class] to resources []
]]></system-out>
  </testcase>
</testsuite>